0 info it worked if it ends with ok
1 verbose cli [ '/home/vagrant/.nvm/versions/node/v6.11.0/bin/node',
1 verbose cli   '/home/vagrant/.nvm/versions/node/v6.11.0/bin/npm',
1 verbose cli   'run',
1 verbose cli   'dev' ]
2 info using npm@3.10.10
3 info using node@v6.11.0
4 verbose run-script [ 'predev', 'dev', 'postdev' ]
5 info lifecycle fybr-ui@0.0.0~predev: fybr-ui@0.0.0
6 silly lifecycle fybr-ui@0.0.0~predev: no script for predev, continuing
7 info lifecycle fybr-ui@0.0.0~dev: fybr-ui@0.0.0
8 verbose lifecycle fybr-ui@0.0.0~dev: unsafe-perm in lifecycle true
9 verbose lifecycle fybr-ui@0.0.0~dev: PATH: /home/vagrant/.nvm/versions/node/v6.11.0/lib/node_modules/npm/bin/node-gyp-bin:/vagrant/fybr/fybr_ui/node_modules/.bin:/home/vagrant/.nvm/versions/node/v6.11.0/bin:/usr/local/rvm/gems/ruby-2.3.1/bin:/usr/local/rvm/gems/ruby-2.3.1@global/bin:/usr/local/rvm/rubies/ruby-2.3.1/bin:/usr/local/sbin:/usr/local/bin:/usr/sbin:/usr/bin:/sbin:/bin:/usr/games:/usr/local/rvm/bin:/opt/vagrant_ruby/bin
10 verbose lifecycle fybr-ui@0.0.0~dev: CWD: /vagrant/fybr/fybr_ui
11 silly lifecycle fybr-ui@0.0.0~dev: Args: [ '-c', 'start-storybook -p 8080' ]
12 info lifecycle fybr-ui@0.0.0~dev: Failed to exec dev script
13 verbose stack Error: fybr-ui@0.0.0 dev: `start-storybook -p 8080`
13 verbose stack spawn ENOENT
13 verbose stack     at ChildProcess.<anonymous> (/home/vagrant/.nvm/versions/node/v6.11.0/lib/node_modules/npm/lib/utils/spawn.js:33:16)
13 verbose stack     at emitTwo (events.js:106:13)
13 verbose stack     at ChildProcess.emit (events.js:191:7)
13 verbose stack     at maybeClose (internal/child_process.js:891:16)
13 verbose stack     at Process.ChildProcess._handle.onexit (internal/child_process.js:226:5)
14 verbose pkgid fybr-ui@0.0.0
15 verbose cwd /vagrant/fybr/fybr_ui
16 error Linux 3.2.0-101-generic-pae
17 error argv "/home/vagrant/.nvm/versions/node/v6.11.0/bin/node" "/home/vagrant/.nvm/versions/node/v6.11.0/bin/npm" "run" "dev"
18 error node v6.11.0
19 error npm  v3.10.10
20 error file sh
21 error code ELIFECYCLE
22 error errno ENOENT
23 error syscall spawn
24 error fybr-ui@0.0.0 dev: `start-storybook -p 8080`
24 error spawn ENOENT
25 error Failed at the fybr-ui@0.0.0 dev script 'start-storybook -p 8080'.
25 error Make sure you have the latest version of node.js and npm installed.
25 error If you do, this is most likely a problem with the fybr-ui package,
25 error not with npm itself.
25 error Tell the author that this fails on your system:
25 error     start-storybook -p 8080
25 error You can get information on how to open an issue for this project with:
25 error     npm bugs fybr-ui
25 error Or if that isn't available, you can get their info via:
25 error     npm owner ls fybr-ui
25 error There is likely additional logging output above.
26 verbose exit [ 1, true ]
